Warning[205] F:\PIC PROJECT\PIC PROGRAMS\30-11-2021 EVEN SHIFT ODD SHIFT\EVENBITSHIFFTINGLEFT.ASM 2 : Found directive in column 1. (ORG)
Warning[205] F:\PIC PROJECT\PIC PROGRAMS\30-11-2021 EVEN SHIFT ODD SHIFT\EVENBITSHIFFTINGLEFT.ASM 3 : Found directive in column 1. (__CONFIG)
Warning[203] F:\PIC PROJECT\PIC PROGRAMS\30-11-2021 EVEN SHIFT ODD SHIFT\EVENBITSHIFFTINGLEFT.ASM 4 : Found opcode in column 1. (BSF)
Warning[203] F:\PIC PROJECT\PIC PROGRAMS\30-11-2021 EVEN SHIFT ODD SHIFT\EVENBITSHIFFTINGLEFT.ASM 5 : Found opcode in column 1. (BCF)
Warning[203] F:\PIC PROJECT\PIC PROGRAMS\30-11-2021 EVEN SHIFT ODD SHIFT\EVENBITSHIFFTINGLEFT.ASM 6 : Found opcode in column 1. (MOVLW)
Warning[203] F:\PIC PROJECT\PIC PROGRAMS\30-11-2021 EVEN SHIFT ODD SHIFT\EVENBITSHIFFTINGLEFT.ASM 7 : Found opcode in column 1. (MOVWF)
Message[302] F:\PIC PROJECT\PIC PROGRAMS\30-11-2021 EVEN SHIFT ODD SHIFT\EVENBITSHIFFTINGLEFT.ASM 7 : Register in operand not in bank 0.  Ensure that bank bits are correct.
Warning[203] F:\PIC PROJECT\PIC PROGRAMS\30-11-2021 EVEN SHIFT ODD SHIFT\EVENBITSHIFFTINGLEFT.ASM 8 : Found opcode in column 1. (BCF)
Warning[203] F:\PIC PROJECT\PIC PROGRAMS\30-11-2021 EVEN SHIFT ODD SHIFT\EVENBITSHIFFTINGLEFT.ASM 9 : Found opcode in column 1. (MOVLW)
Warning[203] F:\PIC PROJECT\PIC PROGRAMS\30-11-2021 EVEN SHIFT ODD SHIFT\EVENBITSHIFFTINGLEFT.ASM 10 : Found opcode in column 1. (MOVWF)
Warning[203] F:\PIC PROJECT\PIC PROGRAMS\30-11-2021 EVEN SHIFT ODD SHIFT\EVENBITSHIFFTINGLEFT.ASM 11 : Found opcode in column 1. (MOVLW)
Warning[209] F:\PIC PROJECT\PIC PROGRAMS\30-11-2021 EVEN SHIFT ODD SHIFT\EVENBITSHIFFTINGLEFT.ASM 11 : Missing quote
Warning[203] F:\PIC PROJECT\PIC PROGRAMS\30-11-2021 EVEN SHIFT ODD SHIFT\EVENBITSHIFFTINGLEFT.ASM 12 : Found opcode in column 1. (MOVWF)
Warning[203] F:\PIC PROJECT\PIC PROGRAMS\30-11-2021 EVEN SHIFT ODD SHIFT\EVENBITSHIFFTINGLEFT.ASM 13 : Found opcode in column 1. (MOVLW)
Warning[209] F:\PIC PROJECT\PIC PROGRAMS\30-11-2021 EVEN SHIFT ODD SHIFT\EVENBITSHIFFTINGLEFT.ASM 13 : Missing quote
Warning[203] F:\PIC PROJECT\PIC PROGRAMS\30-11-2021 EVEN SHIFT ODD SHIFT\EVENBITSHIFFTINGLEFT.ASM 14 : Found opcode in column 1. (MOVWF)
Warning[203] F:\PIC PROJECT\PIC PROGRAMS\30-11-2021 EVEN SHIFT ODD SHIFT\EVENBITSHIFFTINGLEFT.ASM 15 : Found opcode in column 1. (MOVWF)
Warning[203] F:\PIC PROJECT\PIC PROGRAMS\30-11-2021 EVEN SHIFT ODD SHIFT\EVENBITSHIFFTINGLEFT.ASM 16 : Found opcode in column 1. (MOVWF)
Warning[203] F:\PIC PROJECT\PIC PROGRAMS\30-11-2021 EVEN SHIFT ODD SHIFT\EVENBITSHIFFTINGLEFT.ASM 17 : Found opcode in column 1. (MOVLW)
Warning[209] F:\PIC PROJECT\PIC PROGRAMS\30-11-2021 EVEN SHIFT ODD SHIFT\EVENBITSHIFFTINGLEFT.ASM 17 : Missing quote
Warning[203] F:\PIC PROJECT\PIC PROGRAMS\30-11-2021 EVEN SHIFT ODD SHIFT\EVENBITSHIFFTINGLEFT.ASM 18 : Found opcode in column 1. (MOVWF)
Warning[203] F:\PIC PROJECT\PIC PROGRAMS\30-11-2021 EVEN SHIFT ODD SHIFT\EVENBITSHIFFTINGLEFT.ASM 19 : Found opcode in column 1. (CALL)
Warning[203] F:\PIC PROJECT\PIC PROGRAMS\30-11-2021 EVEN SHIFT ODD SHIFT\EVENBITSHIFFTINGLEFT.ASM 20 : Found opcode in column 1. (CALL)
Warning[203] F:\PIC PROJECT\PIC PROGRAMS\30-11-2021 EVEN SHIFT ODD SHIFT\EVENBITSHIFFTINGLEFT.ASM 21 : Found opcode in column 1. (GOTO)
Warning[203] F:\PIC PROJECT\PIC PROGRAMS\30-11-2021 EVEN SHIFT ODD SHIFT\EVENBITSHIFFTINGLEFT.ASM 22 : Found opcode in column 1. (NOP)
Warning[207] F:\PIC PROJECT\PIC PROGRAMS\30-11-2021 EVEN SHIFT ODD SHIFT\EVENBITSHIFFTINGLEFT.ASM 23 : Found label after column 1. (SUBROUTINE)
Warning[207] F:\PIC PROJECT\PIC PROGRAMS\30-11-2021 EVEN SHIFT ODD SHIFT\EVENBITSHIFFTINGLEFT.ASM 24 : Found label after column 1. (GOWTHAM)
Message[305] F:\PIC PROJECT\PIC PROGRAMS\30-11-2021 EVEN SHIFT ODD SHIFT\EVENBITSHIFFTINGLEFT.ASM 25 : Using default destination of 1 (file).
Message[305] F:\PIC PROJECT\PIC PROGRAMS\30-11-2021 EVEN SHIFT ODD SHIFT\EVENBITSHIFFTINGLEFT.ASM 26 : Using default destination of 1 (file).
Warning[207] F:\PIC PROJECT\PIC PROGRAMS\30-11-2021 EVEN SHIFT ODD SHIFT\EVENBITSHIFFTINGLEFT.ASM 32 : Found label after column 1. (GOWTHAM1)
Warning[207] F:\PIC PROJECT\PIC PROGRAMS\30-11-2021 EVEN SHIFT ODD SHIFT\EVENBITSHIFFTINGLEFT.ASM 36 : Found label after column 1. (GOWTHAM2)
Message[305] F:\PIC PROJECT\PIC PROGRAMS\30-11-2021 EVEN SHIFT ODD SHIFT\EVENBITSHIFFTINGLEFT.ASM 37 : Using default destination of 1 (file).
Message[305] F:\PIC PROJECT\PIC PROGRAMS\30-11-2021 EVEN SHIFT ODD SHIFT\EVENBITSHIFFTINGLEFT.ASM 38 : Using default destination of 1 (file).
Warning[205] F:\PIC PROJECT\PIC PROGRAMS\30-11-2021 EVEN SHIFT ODD SHIFT\EVENBITSHIFFTINGLEFT.ASM 45 : Found directive in column 1. (END)
