Warning[205] F:\PIC PROJECT\PIC PROGRAMS\30-11-2021 EVEN SHIFT ODD SHIFT\SHIFTING.ASM 2 : Found directive in column 1. (ORG)
Warning[203] F:\PIC PROJECT\PIC PROGRAMS\30-11-2021 EVEN SHIFT ODD SHIFT\SHIFTING.ASM 3 : Found opcode in column 1. (BSF)
Warning[203] F:\PIC PROJECT\PIC PROGRAMS\30-11-2021 EVEN SHIFT ODD SHIFT\SHIFTING.ASM 4 : Found opcode in column 1. (BCF)
Warning[203] F:\PIC PROJECT\PIC PROGRAMS\30-11-2021 EVEN SHIFT ODD SHIFT\SHIFTING.ASM 5 : Found opcode in column 1. (MOVLW)
Warning[203] F:\PIC PROJECT\PIC PROGRAMS\30-11-2021 EVEN SHIFT ODD SHIFT\SHIFTING.ASM 6 : Found opcode in column 1. (MOVWF)
Message[302] F:\PIC PROJECT\PIC PROGRAMS\30-11-2021 EVEN SHIFT ODD SHIFT\SHIFTING.ASM 6 : Register in operand not in bank 0.  Ensure that bank bits are correct.
Warning[203] F:\PIC PROJECT\PIC PROGRAMS\30-11-2021 EVEN SHIFT ODD SHIFT\SHIFTING.ASM 7 : Found opcode in column 1. (MOVLW)
Warning[209] F:\PIC PROJECT\PIC PROGRAMS\30-11-2021 EVEN SHIFT ODD SHIFT\SHIFTING.ASM 7 : Missing quote
Warning[203] F:\PIC PROJECT\PIC PROGRAMS\30-11-2021 EVEN SHIFT ODD SHIFT\SHIFTING.ASM 8 : Found opcode in column 1. (MOVWF)
Message[302] F:\PIC PROJECT\PIC PROGRAMS\30-11-2021 EVEN SHIFT ODD SHIFT\SHIFTING.ASM 8 : Register in operand not in bank 0.  Ensure that bank bits are correct.
Warning[203] F:\PIC PROJECT\PIC PROGRAMS\30-11-2021 EVEN SHIFT ODD SHIFT\SHIFTING.ASM 9 : Found opcode in column 1. (BCF)
Warning[203] F:\PIC PROJECT\PIC PROGRAMS\30-11-2021 EVEN SHIFT ODD SHIFT\SHIFTING.ASM 10 : Found opcode in column 1. (MOVLW)
Warning[209] F:\PIC PROJECT\PIC PROGRAMS\30-11-2021 EVEN SHIFT ODD SHIFT\SHIFTING.ASM 10 : Missing quote
Warning[203] F:\PIC PROJECT\PIC PROGRAMS\30-11-2021 EVEN SHIFT ODD SHIFT\SHIFTING.ASM 11 : Found opcode in column 1. (MOVWF)
Warning[203] F:\PIC PROJECT\PIC PROGRAMS\30-11-2021 EVEN SHIFT ODD SHIFT\SHIFTING.ASM 12 : Found opcode in column 1. (MOVLW)
Warning[209] F:\PIC PROJECT\PIC PROGRAMS\30-11-2021 EVEN SHIFT ODD SHIFT\SHIFTING.ASM 12 : Missing quote
Warning[203] F:\PIC PROJECT\PIC PROGRAMS\30-11-2021 EVEN SHIFT ODD SHIFT\SHIFTING.ASM 13 : Found opcode in column 1. (MOVWF)
Warning[203] F:\PIC PROJECT\PIC PROGRAMS\30-11-2021 EVEN SHIFT ODD SHIFT\SHIFTING.ASM 14 : Found opcode in column 1. (MOVLW)
Warning[203] F:\PIC PROJECT\PIC PROGRAMS\30-11-2021 EVEN SHIFT ODD SHIFT\SHIFTING.ASM 15 : Found opcode in column 1. (MOVWF)
Warning[203] F:\PIC PROJECT\PIC PROGRAMS\30-11-2021 EVEN SHIFT ODD SHIFT\SHIFTING.ASM 16 : Found opcode in column 1. (CALL)
Warning[203] F:\PIC PROJECT\PIC PROGRAMS\30-11-2021 EVEN SHIFT ODD SHIFT\SHIFTING.ASM 17 : Found opcode in column 1. (GOTO)
Warning[203] F:\PIC PROJECT\PIC PROGRAMS\30-11-2021 EVEN SHIFT ODD SHIFT\SHIFTING.ASM 18 : Found opcode in column 1. (NOP)
Warning[207] F:\PIC PROJECT\PIC PROGRAMS\30-11-2021 EVEN SHIFT ODD SHIFT\SHIFTING.ASM 20 : Found label after column 1. (GOWTHAM)
Warning[207] F:\PIC PROJECT\PIC PROGRAMS\30-11-2021 EVEN SHIFT ODD SHIFT\SHIFTING.ASM 27 : Found label after column 1. (ON)
Warning[207] F:\PIC PROJECT\PIC PROGRAMS\30-11-2021 EVEN SHIFT ODD SHIFT\SHIFTING.ASM 32 : Found label after column 1. (ON1)
Warning[207] F:\PIC PROJECT\PIC PROGRAMS\30-11-2021 EVEN SHIFT ODD SHIFT\SHIFTING.ASM 37 : Found label after column 1. (ON2)
Warning[207] F:\PIC PROJECT\PIC PROGRAMS\30-11-2021 EVEN SHIFT ODD SHIFT\SHIFTING.ASM 43 : Found label after column 1. (SWITCH)
Warning[203] F:\PIC PROJECT\PIC PROGRAMS\30-11-2021 EVEN SHIFT ODD SHIFT\SHIFTING.ASM 46 : Found opcode in column 1. (NOP)
Warning[205] F:\PIC PROJECT\PIC PROGRAMS\30-11-2021 EVEN SHIFT ODD SHIFT\SHIFTING.ASM 47 : Found directive in column 1. (END)
