Warning[205] F:\PIC PROJECT\12-12-2021\LOOPING.ASM 2 : Found directive in column 1. (__CONFIG)
Warning[205] F:\PIC PROJECT\12-12-2021\LOOPING.ASM 3 : Found directive in column 1. (ORG)
Warning[203] F:\PIC PROJECT\12-12-2021\LOOPING.ASM 4 : Found opcode in column 1. (BSF)
Warning[203] F:\PIC PROJECT\12-12-2021\LOOPING.ASM 5 : Found opcode in column 1. (BCF)
Warning[203] F:\PIC PROJECT\12-12-2021\LOOPING.ASM 6 : Found opcode in column 1. (MOVLW)
Warning[203] F:\PIC PROJECT\12-12-2021\LOOPING.ASM 7 : Found opcode in column 1. (MOVWF)
Message[302] F:\PIC PROJECT\12-12-2021\LOOPING.ASM 7 : Register in operand not in bank 0.  Ensure that bank bits are correct.
Warning[203] F:\PIC PROJECT\12-12-2021\LOOPING.ASM 8 : Found opcode in column 1. (BCF)
Warning[203] F:\PIC PROJECT\12-12-2021\LOOPING.ASM 9 : Found opcode in column 1. (BCF)
Warning[203] F:\PIC PROJECT\12-12-2021\LOOPING.ASM 10 : Found opcode in column 1. (MOVLW)
Warning[203] F:\PIC PROJECT\12-12-2021\LOOPING.ASM 11 : Found opcode in column 1. (MOVWF)
Warning[203] F:\PIC PROJECT\12-12-2021\LOOPING.ASM 12 : Found opcode in column 1. (MOVLW)
Warning[203] F:\PIC PROJECT\12-12-2021\LOOPING.ASM 13 : Found opcode in column 1. (MOVWF)
Warning[203] F:\PIC PROJECT\12-12-2021\LOOPING.ASM 14 : Found opcode in column 1. (MOVLW)
Warning[209] F:\PIC PROJECT\12-12-2021\LOOPING.ASM 14 : Missing quote
Warning[203] F:\PIC PROJECT\12-12-2021\LOOPING.ASM 15 : Found opcode in column 1. (MOVWF)
Warning[203] F:\PIC PROJECT\12-12-2021\LOOPING.ASM 16 : Found opcode in column 1. (MOVWF)
Warning[203] F:\PIC PROJECT\12-12-2021\LOOPING.ASM 17 : Found opcode in column 1. (MOVLW)
Warning[209] F:\PIC PROJECT\12-12-2021\LOOPING.ASM 17 : Missing quote
Warning[203] F:\PIC PROJECT\12-12-2021\LOOPING.ASM 18 : Found opcode in column 1. (MOVWF)
Warning[203] F:\PIC PROJECT\12-12-2021\LOOPING.ASM 19 : Found opcode in column 1. (MOVWF)
Warning[203] F:\PIC PROJECT\12-12-2021\LOOPING.ASM 20 : Found opcode in column 1. (MOVLW)
Warning[209] F:\PIC PROJECT\12-12-2021\LOOPING.ASM 20 : Missing quote
Warning[203] F:\PIC PROJECT\12-12-2021\LOOPING.ASM 21 : Found opcode in column 1. (MOVWF)
Warning[203] F:\PIC PROJECT\12-12-2021\LOOPING.ASM 22 : Found opcode in column 1. (CALL)
Warning[203] F:\PIC PROJECT\12-12-2021\LOOPING.ASM 23 : Found opcode in column 1. (GOTO)
Warning[203] F:\PIC PROJECT\12-12-2021\LOOPING.ASM 24 : Found opcode in column 1. (NOP)
Warning[207] F:\PIC PROJECT\12-12-2021\LOOPING.ASM 25 : Found label after column 1. (LOOP)
Warning[207] F:\PIC PROJECT\12-12-2021\LOOPING.ASM 33 : Found label after column 1. (ON)
Warning[207] F:\PIC PROJECT\12-12-2021\LOOPING.ASM 39 : Found label after column 1. (OFF)
Warning[207] F:\PIC PROJECT\12-12-2021\LOOPING.ASM 41 : Found label after column 1. (OFF1)
Warning[205] F:\PIC PROJECT\12-12-2021\LOOPING.ASM 48 : Found directive in column 1. (END)
