Warning[205] F:\PIC PROJECT\PIC PROGRAMS\18-12-2021\ONOFF\ONOFF.ASM 4 : Found directive in column 1. (ORG)
Warning[203] F:\PIC PROJECT\PIC PROGRAMS\18-12-2021\ONOFF\ONOFF.ASM 5 : Found opcode in column 1. (BSF)
Warning[203] F:\PIC PROJECT\PIC PROGRAMS\18-12-2021\ONOFF\ONOFF.ASM 6 : Found opcode in column 1. (BCF)
Warning[203] F:\PIC PROJECT\PIC PROGRAMS\18-12-2021\ONOFF\ONOFF.ASM 7 : Found opcode in column 1. (MOVLW)
Warning[203] F:\PIC PROJECT\PIC PROGRAMS\18-12-2021\ONOFF\ONOFF.ASM 8 : Found opcode in column 1. (MOVWF)
Message[302] F:\PIC PROJECT\PIC PROGRAMS\18-12-2021\ONOFF\ONOFF.ASM 8 : Register in operand not in bank 0.  Ensure that bank bits are correct.
Warning[203] F:\PIC PROJECT\PIC PROGRAMS\18-12-2021\ONOFF\ONOFF.ASM 9 : Found opcode in column 1. (BCF)
Warning[203] F:\PIC PROJECT\PIC PROGRAMS\18-12-2021\ONOFF\ONOFF.ASM 10 : Found opcode in column 1. (BCF)
Warning[203] F:\PIC PROJECT\PIC PROGRAMS\18-12-2021\ONOFF\ONOFF.ASM 11 : Found opcode in column 1. (MOVLW)
Warning[203] F:\PIC PROJECT\PIC PROGRAMS\18-12-2021\ONOFF\ONOFF.ASM 12 : Found opcode in column 1. (MOVWF)
Warning[203] F:\PIC PROJECT\PIC PROGRAMS\18-12-2021\ONOFF\ONOFF.ASM 14 : Found opcode in column 1. (MOVLW)
Warning[203] F:\PIC PROJECT\PIC PROGRAMS\18-12-2021\ONOFF\ONOFF.ASM 15 : Found opcode in column 1. (MOVWF)
Warning[203] F:\PIC PROJECT\PIC PROGRAMS\18-12-2021\ONOFF\ONOFF.ASM 17 : Found opcode in column 1. (CALL)
Warning[203] F:\PIC PROJECT\PIC PROGRAMS\18-12-2021\ONOFF\ONOFF.ASM 18 : Found opcode in column 1. (CALL)
Warning[203] F:\PIC PROJECT\PIC PROGRAMS\18-12-2021\ONOFF\ONOFF.ASM 19 : Found opcode in column 1. (GOTO)
Warning[207] F:\PIC PROJECT\PIC PROGRAMS\18-12-2021\ONOFF\ONOFF.ASM 21 : Found label after column 1. (GOWTHAM)
Warning[207] F:\PIC PROJECT\PIC PROGRAMS\18-12-2021\ONOFF\ONOFF.ASM 28 : Found label after column 1. (ON)
Warning[207] F:\PIC PROJECT\PIC PROGRAMS\18-12-2021\ONOFF\ONOFF.ASM 34 : Found label after column 1. (OFF)
Warning[207] F:\PIC PROJECT\PIC PROGRAMS\18-12-2021\ONOFF\ONOFF.ASM 40 : Found label after column 1. (GOWTHAM1)
Warning[203] F:\PIC PROJECT\PIC PROGRAMS\18-12-2021\ONOFF\ONOFF.ASM 45 : Found opcode in column 1. (NOP)
Warning[205] F:\PIC PROJECT\PIC PROGRAMS\18-12-2021\ONOFF\ONOFF.ASM 46 : Found directive in column 1. (END)
