Error[105]   F:\PIC PROJECT\PIC PROGRAMS\BLINK.ASM 2 : Cannot open file (Include File "pic16f877a.h" not found)
Error[122]   F:\PIC PROJECT\PIC PROGRAMS\BLINK.ASM 4 : Illegal opcode (DELAY_ms)
Error[108]   F:\PIC PROJECT\PIC PROGRAMS\BLINK.ASM 5 : Illegal character ({)
Warning[207] F:\PIC PROJECT\PIC PROGRAMS\BLINK.ASM 6 : Found label after column 1. (unsigned)
Error[122]   F:\PIC PROJECT\PIC PROGRAMS\BLINK.ASM 6 : Illegal opcode (int)
Warning[207] F:\PIC PROJECT\PIC PROGRAMS\BLINK.ASM 7 : Found label after column 1. (for)
Error[108]   F:\PIC PROJECT\PIC PROGRAMS\BLINK.ASM 7 : Illegal character (()
Error[108]   F:\PIC PROJECT\PIC PROGRAMS\BLINK.ASM 8 : Illegal character ({)
Warning[207] F:\PIC PROJECT\PIC PROGRAMS\BLINK.ASM 9 : Found label after column 1. (for)
Error[108]   F:\PIC PROJECT\PIC PROGRAMS\BLINK.ASM 9 : Illegal character (()
Error[108]   F:\PIC PROJECT\PIC PROGRAMS\BLINK.ASM 10 : Illegal character (})
Error[108]   F:\PIC PROJECT\PIC PROGRAMS\BLINK.ASM 11 : Illegal character (})
Error[122]   F:\PIC PROJECT\PIC PROGRAMS\BLINK.ASM 13 : Illegal opcode (main)
Error[108]   F:\PIC PROJECT\PIC PROGRAMS\BLINK.ASM 14 : Illegal character ({)
Error[108]   F:\PIC PROJECT\PIC PROGRAMS\BLINK.ASM 15 : Illegal character (/)
Warning[207] F:\PIC PROJECT\PIC PROGRAMS\BLINK.ASM 16 : Found label after column 1. (TRISA)
Warning[207] F:\PIC PROJECT\PIC PROGRAMS\BLINK.ASM 17 : Found label after column 1. (TRISB)
Warning[207] F:\PIC PROJECT\PIC PROGRAMS\BLINK.ASM 18 : Found label after column 1. (TRISC)
Warning[207] F:\PIC PROJECT\PIC PROGRAMS\BLINK.ASM 19 : Found label after column 1. (TRISD)
Error[129]   F:\PIC PROJECT\PIC PROGRAMS\BLINK.ASM 38 : Expected (ENDW)
Error[129]   F:\PIC PROJECT\PIC PROGRAMS\BLINK.ASM 39 : Expected (END)
