Warning[205] F:\PIC PROJECT\PIC PROGRAMS\22-01-2022 LED BLINKING WITH TIMERS0\LED BLINKING WITH TIMERS0.ASM 2 : Found directive in column 1. (ORG)
Warning[203] F:\PIC PROJECT\PIC PROGRAMS\22-01-2022 LED BLINKING WITH TIMERS0\LED BLINKING WITH TIMERS0.ASM 3 : Found opcode in column 1. (BSF)
Warning[203] F:\PIC PROJECT\PIC PROGRAMS\22-01-2022 LED BLINKING WITH TIMERS0\LED BLINKING WITH TIMERS0.ASM 4 : Found opcode in column 1. (BCF)
Warning[203] F:\PIC PROJECT\PIC PROGRAMS\22-01-2022 LED BLINKING WITH TIMERS0\LED BLINKING WITH TIMERS0.ASM 5 : Found opcode in column 1. (MOVLW)
Warning[203] F:\PIC PROJECT\PIC PROGRAMS\22-01-2022 LED BLINKING WITH TIMERS0\LED BLINKING WITH TIMERS0.ASM 6 : Found opcode in column 1. (MOVWF)
Message[302] F:\PIC PROJECT\PIC PROGRAMS\22-01-2022 LED BLINKING WITH TIMERS0\LED BLINKING WITH TIMERS0.ASM 6 : Register in operand not in bank 0.  Ensure that bank bits are correct.
Warning[203] F:\PIC PROJECT\PIC PROGRAMS\22-01-2022 LED BLINKING WITH TIMERS0\LED BLINKING WITH TIMERS0.ASM 7 : Found opcode in column 1. (MOVLW)
Warning[209] F:\PIC PROJECT\PIC PROGRAMS\22-01-2022 LED BLINKING WITH TIMERS0\LED BLINKING WITH TIMERS0.ASM 7 : Missing quote
Warning[203] F:\PIC PROJECT\PIC PROGRAMS\22-01-2022 LED BLINKING WITH TIMERS0\LED BLINKING WITH TIMERS0.ASM 8 : Found opcode in column 1. (MOVWF)
Message[302] F:\PIC PROJECT\PIC PROGRAMS\22-01-2022 LED BLINKING WITH TIMERS0\LED BLINKING WITH TIMERS0.ASM 8 : Register in operand not in bank 0.  Ensure that bank bits are correct.
Warning[203] F:\PIC PROJECT\PIC PROGRAMS\22-01-2022 LED BLINKING WITH TIMERS0\LED BLINKING WITH TIMERS0.ASM 9 : Found opcode in column 1. (BCF)
Warning[203] F:\PIC PROJECT\PIC PROGRAMS\22-01-2022 LED BLINKING WITH TIMERS0\LED BLINKING WITH TIMERS0.ASM 10 : Found opcode in column 1. (MOVLW)
Warning[209] F:\PIC PROJECT\PIC PROGRAMS\22-01-2022 LED BLINKING WITH TIMERS0\LED BLINKING WITH TIMERS0.ASM 10 : Missing quote
Warning[203] F:\PIC PROJECT\PIC PROGRAMS\22-01-2022 LED BLINKING WITH TIMERS0\LED BLINKING WITH TIMERS0.ASM 11 : Found opcode in column 1. (MOVWF)
Warning[203] F:\PIC PROJECT\PIC PROGRAMS\22-01-2022 LED BLINKING WITH TIMERS0\LED BLINKING WITH TIMERS0.ASM 12 : Found opcode in column 1. (MOVLW)
Warning[209] F:\PIC PROJECT\PIC PROGRAMS\22-01-2022 LED BLINKING WITH TIMERS0\LED BLINKING WITH TIMERS0.ASM 12 : Missing quote
Warning[203] F:\PIC PROJECT\PIC PROGRAMS\22-01-2022 LED BLINKING WITH TIMERS0\LED BLINKING WITH TIMERS0.ASM 13 : Found opcode in column 1. (MOVWF)
Warning[203] F:\PIC PROJECT\PIC PROGRAMS\22-01-2022 LED BLINKING WITH TIMERS0\LED BLINKING WITH TIMERS0.ASM 14 : Found opcode in column 1. (MOVLW)
Warning[209] F:\PIC PROJECT\PIC PROGRAMS\22-01-2022 LED BLINKING WITH TIMERS0\LED BLINKING WITH TIMERS0.ASM 14 : Missing quote
Warning[203] F:\PIC PROJECT\PIC PROGRAMS\22-01-2022 LED BLINKING WITH TIMERS0\LED BLINKING WITH TIMERS0.ASM 15 : Found opcode in column 1. (MOVWF)
Warning[203] F:\PIC PROJECT\PIC PROGRAMS\22-01-2022 LED BLINKING WITH TIMERS0\LED BLINKING WITH TIMERS0.ASM 16 : Found opcode in column 1. (MOVLW)
Warning[209] F:\PIC PROJECT\PIC PROGRAMS\22-01-2022 LED BLINKING WITH TIMERS0\LED BLINKING WITH TIMERS0.ASM 16 : Missing quote
Warning[203] F:\PIC PROJECT\PIC PROGRAMS\22-01-2022 LED BLINKING WITH TIMERS0\LED BLINKING WITH TIMERS0.ASM 17 : Found opcode in column 1. (MOVWF)
Warning[203] F:\PIC PROJECT\PIC PROGRAMS\22-01-2022 LED BLINKING WITH TIMERS0\LED BLINKING WITH TIMERS0.ASM 18 : Found opcode in column 1. (MOVWF)
Warning[203] F:\PIC PROJECT\PIC PROGRAMS\22-01-2022 LED BLINKING WITH TIMERS0\LED BLINKING WITH TIMERS0.ASM 19 : Found opcode in column 1. (MOVLW)
Warning[209] F:\PIC PROJECT\PIC PROGRAMS\22-01-2022 LED BLINKING WITH TIMERS0\LED BLINKING WITH TIMERS0.ASM 19 : Missing quote
Warning[203] F:\PIC PROJECT\PIC PROGRAMS\22-01-2022 LED BLINKING WITH TIMERS0\LED BLINKING WITH TIMERS0.ASM 20 : Found opcode in column 1. (MOVWF)
Warning[203] F:\PIC PROJECT\PIC PROGRAMS\22-01-2022 LED BLINKING WITH TIMERS0\LED BLINKING WITH TIMERS0.ASM 21 : Found opcode in column 1. (NOP)
Warning[207] F:\PIC PROJECT\PIC PROGRAMS\22-01-2022 LED BLINKING WITH TIMERS0\LED BLINKING WITH TIMERS0.ASM 23 : Found label after column 1. (GOWTHAM)
Warning[209] F:\PIC PROJECT\PIC PROGRAMS\22-01-2022 LED BLINKING WITH TIMERS0\LED BLINKING WITH TIMERS0.ASM 25 : Missing quote
Warning[207] F:\PIC PROJECT\PIC PROGRAMS\22-01-2022 LED BLINKING WITH TIMERS0\LED BLINKING WITH TIMERS0.ASM 28 : Found label after column 1. (ON)
Warning[203] F:\PIC PROJECT\PIC PROGRAMS\22-01-2022 LED BLINKING WITH TIMERS0\LED BLINKING WITH TIMERS0.ASM 33 : Found opcode in column 1. (NOP)
Warning[205] F:\PIC PROJECT\PIC PROGRAMS\22-01-2022 LED BLINKING WITH TIMERS0\LED BLINKING WITH TIMERS0.ASM 34 : Found directive in column 1. (END)
