Warning[205] F:\PIC PROJECT\PIC PROGRAMS\PORT B.ASM 2 : Found directive in column 1. (ORG)
Warning[203] F:\PIC PROJECT\PIC PROGRAMS\PORT B.ASM 3 : Found opcode in column 1. (BSF)
Warning[203] F:\PIC PROJECT\PIC PROGRAMS\PORT B.ASM 4 : Found opcode in column 1. (BCF)
Warning[203] F:\PIC PROJECT\PIC PROGRAMS\PORT B.ASM 5 : Found opcode in column 1. (MOVLW)
Warning[203] F:\PIC PROJECT\PIC PROGRAMS\PORT B.ASM 6 : Found opcode in column 1. (MOVWF)
Message[302] F:\PIC PROJECT\PIC PROGRAMS\PORT B.ASM 6 : Register in operand not in bank 0.  Ensure that bank bits are correct.
Warning[203] F:\PIC PROJECT\PIC PROGRAMS\PORT B.ASM 7 : Found opcode in column 1. (BCF)
Warning[203] F:\PIC PROJECT\PIC PROGRAMS\PORT B.ASM 8 : Found opcode in column 1. (MOVLW)
Warning[203] F:\PIC PROJECT\PIC PROGRAMS\PORT B.ASM 9 : Found opcode in column 1. (MOVWF)
Warning[203] F:\PIC PROJECT\PIC PROGRAMS\PORT B.ASM 10 : Found opcode in column 1. (CALL)
Warning[203] F:\PIC PROJECT\PIC PROGRAMS\PORT B.ASM 11 : Found opcode in column 1. (GOTO)
Warning[203] F:\PIC PROJECT\PIC PROGRAMS\PORT B.ASM 12 : Found opcode in column 1. (NOP)
Warning[207] F:\PIC PROJECT\PIC PROGRAMS\PORT B.ASM 14 : Found label after column 1. (GOWTHAM)
Warning[207] F:\PIC PROJECT\PIC PROGRAMS\PORT B.ASM 21 : Found label after column 1. (ON)
Warning[207] F:\PIC PROJECT\PIC PROGRAMS\PORT B.ASM 26 : Found label after column 1. (ON1)
Warning[207] F:\PIC PROJECT\PIC PROGRAMS\PORT B.ASM 31 : Found label after column 1. (ON2)
Warning[207] F:\PIC PROJECT\PIC PROGRAMS\PORT B.ASM 36 : Found label after column 1. (SWITCH)
Message[305] F:\PIC PROJECT\PIC PROGRAMS\PORT B.ASM 37 : Using default destination of 1 (file).
Warning[203] F:\PIC PROJECT\PIC PROGRAMS\PORT B.ASM 39 : Found opcode in column 1. (NOP)
Warning[205] F:\PIC PROJECT\PIC PROGRAMS\PORT B.ASM 40 : Found directive in column 1. (END)
