MPASM  5.34                         TRISC.ASM   2-26-2022  18:51:03         PAGE  1


LOC  OBJECT CODE     LINE SOURCE TEXT
  VALUE

                      00001 
                      00002 #include<p16f877a.inc>
                      00001         LIST
                      00002 ; P16F877A.INC  Standard Header File, Version 1.00    Microchip Technology, Inc.
                      00400         LIST
                      00003         ORG 00H
0000   2805           00004         GOTO 05H
                      00005         ORG 05H
                      00006                 ;BANK SWITCHING
0005   1683           00007         BSF STATUS,RP0
0006   1303           00008         BCF STATUS,RP1
                      00009                 ;ENABLE THE TRIS PIN AS A OUTPUT
0007   3000           00010         MOVLW 0X00
Message[302]: Register in operand not in bank 0.  Ensure that bank bits are correct.
0008   0087           00011         MOVWF TRISC
                      00012                 ;DISABLING INTEREPTS    
0009   3000           00013         MOVLW 0X00
Message[302]: Register in operand not in bank 0.  Ensure that bank bits are correct.
000A   008C           00014         MOVWF PIE1
                      00015                 ;BANK1 SWITCHING TO BANK 0
000B   1283           00016         BCF STATUS,RP0
                      00017                 ;T1CON ENABLING 
000C   3031           00018         MOVLW 0X31
000D   0090           00019         MOVWF T1CON
                      00020                 ;RESETING THE OVERFLOW BIT
000E   3000           00021         MOVLW 0X00
000F   008C           00022         MOVWF PIR1
                      00023                 ;SETTING THE DELAY TIMEING COUNT        
0010   30DC           00024         MOVLW 0XDC
0011   008E           00025         MOVWF TMR1L
0012   300B           00026         MOVLW 0X0B
0013   008F           00027         MOVWF TMR1H
0014   2???           00028         CALL LOOP_1
0015   2???           00029         CALL GOW
0016                  00030 GOW;
0016   2???           00031                         GOTO GOW
0017   0000           00032         NOP                     
0018                  00033 LOOP_1:
0018   3001           00034         MOVLW 0X01
0019   00B1           00035         MOVWF 0X31
001A   3000           00036         MOVLW 0X00;MANUALLY RESETING THE OVERFLOW BIT 
001B   008C           00037         MOVWF PIR1
001C   30DC           00038         MOVLW 0XDC;SETTING THE TMR1 VALUES USING TMR1L TMR1H
001D   008E           00039         MOVWF TMR1L
001E   300B           00040         MOVLW 0X0B
001F   2???           00041         GOTO SWITCH
0020                  00042 SWITCH:
                      00043         ;PORTB CONFIGUREING ENABLEING BIT
                      00044         ;IF OVERFLOW FLAG WILL SET IN THIS CONDITION SKIP THE GOTO SWITCH
0020   08B1           00045         MOVF 0X31,1
0021   0087           00046         MOVWF PORTC
0022   1C0C           00047         BTFSS   PIR1,0  
0023   2???           00048         GOTO    SWITCH
MPASM  5.34                         TRISC.ASM   2-26-2022  18:51:03         PAGE  2


LOC  OBJECT CODE     LINE SOURCE TEXT
  VALUE

0024                  00049 SWITCH1:
0024   3000           00050         MOVLW 0X00;MANUALLY RESETING THE OVERFLOW BIT 
0025   008C           00051         MOVWF PIR1
0026   30EE           00052         MOVLW 0XEE;SETTING THE TMR1 VALUES USING TMR1L TMR1H
0027   008E           00053         MOVWF TMR1L
0028   3085           00054         MOVLW 0X85
0029   008F           00055         MOVWF TMR1H
002A                  00056 SWITCH2:        
                      00057         ;WE ARE CLEARING THE PORTB PIN OFF THE LED IN 100MS 
002A   3000           00058         MOVLW 0X00
002B   0087           00059         MOVWF PORTC
002C   1C0C           00060         BTFSS PIR1,0
002D   2???           00061         GOTO SWITCH2
002E   2???           00062         GOTO LOOP_1
002F   0008           00063         RETURN
0030                  00064 END_1   
                      00065         END
MPASM  5.34                         TRISC.ASM   2-26-2022  18:51:03         PAGE  3


SYMBOL TABLE
  LABEL                             VALUE 

ACKDT                             00000005
ACKEN                             00000004
ACKSTAT                           00000006
ADCON0                            0000001F
ADCON1                            0000009F
ADCS0                             00000006
ADCS1                             00000007
ADCS2                             00000006
ADDEN                             00000003
ADFM                              00000007
ADIE                              00000006
ADIF                              00000006
ADON                              00000000
ADRESH                            0000001E
ADRESL                            0000009E
BCLIE                             00000003
BCLIF                             00000003
BF                                00000000
BRGH                              00000002
C                                 00000000
C1INV                             00000004
C1OUT                             00000006
C2INV                             00000005
C2OUT                             00000007
CCP1CON                           00000017
CCP1IE                            00000002
CCP1IF                            00000002
CCP1M0                            00000000
CCP1M1                            00000001
CCP1M2                            00000002
CCP1M3                            00000003
CCP1X                             00000005
CCP1Y                             00000004
CCP2CON                           0000001D
CCP2IE                            00000000
CCP2IF                            00000000
CCP2M0                            00000000
CCP2M1                            00000001
CCP2M2                            00000002
CCP2M3                            00000003
CCP2X                             00000005
CCP2Y                             00000004
CCPR1H                            00000016
CCPR1L                            00000015
CCPR2H                            0000001C
CCPR2L                            0000001B
CHS0                              00000003
CHS1                              00000004
CHS2                              00000005
CIS                               00000003
CKE                               00000006
CKP                               00000004
CM0                               00000000
MPASM  5.34                         TRISC.ASM   2-26-2022  18:51:03         PAGE  4


SYMBOL TABLE
  LABEL                             VALUE 

CM1                               00000001
CM2                               00000002
CMCON                             0000009C
CMIE                              00000006
CMIF                              00000006
CREN                              00000004
CSRC                              00000007
CVR0                              00000000
CVR1                              00000001
CVR2                              00000002
CVR3                              00000003
CVRCON                            0000009D
CVREN                             00000007
CVROE                             00000006
CVRR                              00000005
D                                 00000005
DATA_ADDRESS                      00000005
DC                                00000001
D_A                               00000005
EEADR                             0000010D
EEADRH                            0000010F
EECON1                            0000018C
EECON2                            0000018D
EEDATA                            0000010C
EEDATH                            0000010E
EEIE                              00000004
EEIF                              00000004
EEPGD                             00000007
END_1                             00000030
F                                 00000001
FERR                              00000002
FSR                               00000004
GCEN                              00000007
GIE                               00000007
GO                                00000002
GOW                               00000016
GO_DONE                           00000002
I2C_DATA                          00000005
I2C_READ                          00000002
I2C_START                         00000003
I2C_STOP                          00000004
IBF                               00000007
IBOV                              00000005
INDF                              00000000
INTCON                            0000000B
INTE                              00000004
INTEDG                            00000006
INTF                              00000001
IRP                               00000007
LOOP_1                            00000018
NOT_A                             00000005
NOT_ADDRESS                       00000005
NOT_BO                            00000000
MPASM  5.34                         TRISC.ASM   2-26-2022  18:51:03         PAGE  5


SYMBOL TABLE
  LABEL                             VALUE 

NOT_BOR                           00000000
NOT_DONE                          00000002
NOT_PD                            00000003
NOT_POR                           00000001
NOT_RBPU                          00000007
NOT_RC8                           00000006
NOT_T1SYNC                        00000002
NOT_TO                            00000004
NOT_TX8                           00000006
NOT_W                             00000002
NOT_WRITE                         00000002
OBF                               00000006
OERR                              00000001
OPTION_REG                        00000081
P                                 00000004
PCFG0                             00000000
PCFG1                             00000001
PCFG2                             00000002
PCFG3                             00000003
PCL                               00000002
PCLATH                            0000000A
PCON                              0000008E
PEIE                              00000006
PEN                               00000002
PIE1                              0000008C
PIE2                              0000008D
PIR1                              0000000C
PIR2                              0000000D
PORTA                             00000005
PORTB                             00000006
PORTC                             00000007
PORTD                             00000008
PORTE                             00000009
PR2                               00000092
PS0                               00000000
PS1                               00000001
PS2                               00000002
PSA                               00000003
PSPIE                             00000007
PSPIF                             00000007
PSPMODE                           00000004
R                                 00000002
RBIE                              00000003
RBIF                              00000000
RC8_9                             00000006
RC9                               00000006
RCD8                              00000000
RCEN                              00000003
RCIE                              00000005
RCIF                              00000005
RCREG                             0000001A
RCSTA                             00000018
RD                                00000000
MPASM  5.34                         TRISC.ASM   2-26-2022  18:51:03         PAGE  6


SYMBOL TABLE
  LABEL                             VALUE 

READ_WRITE                        00000002
RP0                               00000005
RP1                               00000006
RSEN                              00000001
RX9                               00000006
RX9D                              00000000
R_W                               00000002
S                                 00000003
SEN                               00000000
SMP                               00000007
SPBRG                             00000099
SPEN                              00000007
SREN                              00000005
SSPADD                            00000093
SSPBUF                            00000013
SSPCON                            00000014
SSPCON2                           00000091
SSPEN                             00000005
SSPIE                             00000003
SSPIF                             00000003
SSPM0                             00000000
SSPM1                             00000001
SSPM2                             00000002
SSPM3                             00000003
SSPOV                             00000006
SSPSTAT                           00000094
STATUS                            00000003
SWITCH                            00000020
SWITCH1                           00000024
SWITCH2                           0000002A
SYNC                              00000004
T0CS                              00000005
T0IE                              00000005
T0IF                              00000002
T0SE                              00000004
T1CKPS0                           00000004
T1CKPS1                           00000005
T1CON                             00000010
T1INSYNC                          00000002
T1OSCEN                           00000003
T1SYNC                            00000002
T2CKPS0                           00000000
T2CKPS1                           00000001
T2CON                             00000012
TMR0                              00000001
TMR0IE                            00000005
TMR0IF                            00000002
TMR1CS                            00000001
TMR1H                             0000000F
TMR1IE                            00000000
TMR1IF                            00000000
TMR1L                             0000000E
TMR1ON                            00000000
MPASM  5.34                         TRISC.ASM   2-26-2022  18:51:03         PAGE  7


SYMBOL TABLE
  LABEL                             VALUE 

TMR2                              00000011
TMR2IE                            00000001
TMR2IF                            00000001
TMR2ON                            00000002
TOUTPS0                           00000003
TOUTPS1                           00000004
TOUTPS2                           00000005
TOUTPS3                           00000006
TRISA                             00000085
TRISB                             00000086
TRISC                             00000087
TRISD                             00000088
TRISE                             00000089
TRISE0                            00000000
TRISE1                            00000001
TRISE2                            00000002
TRMT                              00000001
TX8_9                             00000006
TX9                               00000006
TX9D                              00000000
TXD8                              00000000
TXEN                              00000005
TXIE                              00000004
TXIF                              00000004
TXREG                             00000019
TXSTA                             00000098
UA                                00000001
W                                 00000000
WCOL                              00000007
WR                                00000001
WREN                              00000002
WRERR                             00000003
Z                                 00000002
_BODEN_OFF                        00003FBF
_BODEN_ON                         00003FFF
_CPD_OFF                          00003FFF
_CPD_ON                           00003EFF
_CP_ALL                           00001FFF
_CP_OFF                           00003FFF
_DEBUG_OFF                        00003FFF
_DEBUG_ON                         000037FF
_HS_OSC                           00003FFE
_LP_OSC                           00003FFC
_LVP_OFF                          00003F7F
_LVP_ON                           00003FFF
_PWRTE_OFF                        00003FFF
_PWRTE_ON                         00003FF7
_RC_OSC                           00003FFF
_WDT_OFF                          00003FFB
_WDT_ON                           00003FFF
_WRT_1FOURTH                      00003BFF
_WRT_256                          00003DFF
_WRT_HALF                         000039FF
MPASM  5.34                         TRISC.ASM   2-26-2022  18:51:03         PAGE  8


SYMBOL TABLE
  LABEL                             VALUE 

_WRT_OFF                          00003FFF
_XT_OSC                           00003FFD
__16F877A                         00000001
__DEBUG                           1

Errors   :     0
Warnings :     0 reported,     0 suppressed
Messages :     2 reported,     0 suppressed

