Warning[205] F:\PIC PROJECT\PIC PROGRAMS\22-01-2022 LED BLINKING WITH TIMERS0\LED BLINKING WITH (1S) TIMERS 1\LED BLINKING WITH 1S TIMERS 1.ASM 2 : Found directive in column 1. (ORG)
Warning[205] F:\PIC PROJECT\PIC PROGRAMS\22-01-2022 LED BLINKING WITH TIMERS0\LED BLINKING WITH (1S) TIMERS 1\LED BLINKING WITH 1S TIMERS 1.ASM 4 : Found directive in column 1. (__CONFIG)
Warning[203] F:\PIC PROJECT\PIC PROGRAMS\22-01-2022 LED BLINKING WITH TIMERS0\LED BLINKING WITH (1S) TIMERS 1\LED BLINKING WITH 1S TIMERS 1.ASM 5 : Found opcode in column 1. (BSF)
Warning[203] F:\PIC PROJECT\PIC PROGRAMS\22-01-2022 LED BLINKING WITH TIMERS0\LED BLINKING WITH (1S) TIMERS 1\LED BLINKING WITH 1S TIMERS 1.ASM 6 : Found opcode in column 1. (BCF)
Warning[203] F:\PIC PROJECT\PIC PROGRAMS\22-01-2022 LED BLINKING WITH TIMERS0\LED BLINKING WITH (1S) TIMERS 1\LED BLINKING WITH 1S TIMERS 1.ASM 7 : Found opcode in column 1. (MOVLW)
Warning[203] F:\PIC PROJECT\PIC PROGRAMS\22-01-2022 LED BLINKING WITH TIMERS0\LED BLINKING WITH (1S) TIMERS 1\LED BLINKING WITH 1S TIMERS 1.ASM 8 : Found opcode in column 1. (MOVWF)
Message[302] F:\PIC PROJECT\PIC PROGRAMS\22-01-2022 LED BLINKING WITH TIMERS0\LED BLINKING WITH (1S) TIMERS 1\LED BLINKING WITH 1S TIMERS 1.ASM 8 : Register in operand not in bank 0.  Ensure that bank bits are correct.
Warning[203] F:\PIC PROJECT\PIC PROGRAMS\22-01-2022 LED BLINKING WITH TIMERS0\LED BLINKING WITH (1S) TIMERS 1\LED BLINKING WITH 1S TIMERS 1.ASM 9 : Found opcode in column 1. (MOVLW)
Warning[209] F:\PIC PROJECT\PIC PROGRAMS\22-01-2022 LED BLINKING WITH TIMERS0\LED BLINKING WITH (1S) TIMERS 1\LED BLINKING WITH 1S TIMERS 1.ASM 9 : Missing quote
Warning[203] F:\PIC PROJECT\PIC PROGRAMS\22-01-2022 LED BLINKING WITH TIMERS0\LED BLINKING WITH (1S) TIMERS 1\LED BLINKING WITH 1S TIMERS 1.ASM 10 : Found opcode in column 1. (MOVWF)
Message[302] F:\PIC PROJECT\PIC PROGRAMS\22-01-2022 LED BLINKING WITH TIMERS0\LED BLINKING WITH (1S) TIMERS 1\LED BLINKING WITH 1S TIMERS 1.ASM 10 : Register in operand not in bank 0.  Ensure that bank bits are correct.
Warning[203] F:\PIC PROJECT\PIC PROGRAMS\22-01-2022 LED BLINKING WITH TIMERS0\LED BLINKING WITH (1S) TIMERS 1\LED BLINKING WITH 1S TIMERS 1.ASM 11 : Found opcode in column 1. (BCF)
Warning[203] F:\PIC PROJECT\PIC PROGRAMS\22-01-2022 LED BLINKING WITH TIMERS0\LED BLINKING WITH (1S) TIMERS 1\LED BLINKING WITH 1S TIMERS 1.ASM 14 : Found opcode in column 1. (MOVLW)
Warning[209] F:\PIC PROJECT\PIC PROGRAMS\22-01-2022 LED BLINKING WITH TIMERS0\LED BLINKING WITH (1S) TIMERS 1\LED BLINKING WITH 1S TIMERS 1.ASM 14 : Missing quote
Warning[203] F:\PIC PROJECT\PIC PROGRAMS\22-01-2022 LED BLINKING WITH TIMERS0\LED BLINKING WITH (1S) TIMERS 1\LED BLINKING WITH 1S TIMERS 1.ASM 15 : Found opcode in column 1. (MOVWF)
Warning[203] F:\PIC PROJECT\PIC PROGRAMS\22-01-2022 LED BLINKING WITH TIMERS0\LED BLINKING WITH (1S) TIMERS 1\LED BLINKING WITH 1S TIMERS 1.ASM 16 : Found opcode in column 1. (MOVLW)
Warning[203] F:\PIC PROJECT\PIC PROGRAMS\22-01-2022 LED BLINKING WITH TIMERS0\LED BLINKING WITH (1S) TIMERS 1\LED BLINKING WITH 1S TIMERS 1.ASM 17 : Found opcode in column 1. (MOVWF)
Warning[203] F:\PIC PROJECT\PIC PROGRAMS\22-01-2022 LED BLINKING WITH TIMERS0\LED BLINKING WITH (1S) TIMERS 1\LED BLINKING WITH 1S TIMERS 1.ASM 18 : Found opcode in column 1. (MOVLW)
Warning[203] F:\PIC PROJECT\PIC PROGRAMS\22-01-2022 LED BLINKING WITH TIMERS0\LED BLINKING WITH (1S) TIMERS 1\LED BLINKING WITH 1S TIMERS 1.ASM 19 : Found opcode in column 1. (MOVWF)
Warning[203] F:\PIC PROJECT\PIC PROGRAMS\22-01-2022 LED BLINKING WITH TIMERS0\LED BLINKING WITH (1S) TIMERS 1\LED BLINKING WITH 1S TIMERS 1.ASM 20 : Found opcode in column 1. (MOVLW)
Warning[209] F:\PIC PROJECT\PIC PROGRAMS\22-01-2022 LED BLINKING WITH TIMERS0\LED BLINKING WITH (1S) TIMERS 1\LED BLINKING WITH 1S TIMERS 1.ASM 20 : Missing quote
Warning[203] F:\PIC PROJECT\PIC PROGRAMS\22-01-2022 LED BLINKING WITH TIMERS0\LED BLINKING WITH (1S) TIMERS 1\LED BLINKING WITH 1S TIMERS 1.ASM 21 : Found opcode in column 1. (MOVWF)
Warning[203] F:\PIC PROJECT\PIC PROGRAMS\22-01-2022 LED BLINKING WITH TIMERS0\LED BLINKING WITH (1S) TIMERS 1\LED BLINKING WITH 1S TIMERS 1.ASM 22 : Found opcode in column 1. (MOVLW)
Warning[209] F:\PIC PROJECT\PIC PROGRAMS\22-01-2022 LED BLINKING WITH TIMERS0\LED BLINKING WITH (1S) TIMERS 1\LED BLINKING WITH 1S TIMERS 1.ASM 22 : Missing quote
Warning[203] F:\PIC PROJECT\PIC PROGRAMS\22-01-2022 LED BLINKING WITH TIMERS0\LED BLINKING WITH (1S) TIMERS 1\LED BLINKING WITH 1S TIMERS 1.ASM 23 : Found opcode in column 1. (MOVWF)
Warning[203] F:\PIC PROJECT\PIC PROGRAMS\22-01-2022 LED BLINKING WITH TIMERS0\LED BLINKING WITH (1S) TIMERS 1\LED BLINKING WITH 1S TIMERS 1.ASM 24 : Found opcode in column 1. (MOVWF)
Warning[203] F:\PIC PROJECT\PIC PROGRAMS\22-01-2022 LED BLINKING WITH TIMERS0\LED BLINKING WITH (1S) TIMERS 1\LED BLINKING WITH 1S TIMERS 1.ASM 25 : Found opcode in column 1. (MOVF)
Warning[203] F:\PIC PROJECT\PIC PROGRAMS\22-01-2022 LED BLINKING WITH TIMERS0\LED BLINKING WITH (1S) TIMERS 1\LED BLINKING WITH 1S TIMERS 1.ASM 26 : Found opcode in column 1. (CALL)
Warning[203] F:\PIC PROJECT\PIC PROGRAMS\22-01-2022 LED BLINKING WITH TIMERS0\LED BLINKING WITH (1S) TIMERS 1\LED BLINKING WITH 1S TIMERS 1.ASM 27 : Found opcode in column 1. (NOP)
Warning[207] F:\PIC PROJECT\PIC PROGRAMS\22-01-2022 LED BLINKING WITH TIMERS0\LED BLINKING WITH (1S) TIMERS 1\LED BLINKING WITH 1S TIMERS 1.ASM 29 : Found label after column 1. (GOWTHAM)
Warning[207] F:\PIC PROJECT\PIC PROGRAMS\22-01-2022 LED BLINKING WITH TIMERS0\LED BLINKING WITH (1S) TIMERS 1\LED BLINKING WITH 1S TIMERS 1.ASM 35 : Found label after column 1. (ON)
Warning[207] F:\PIC PROJECT\PIC PROGRAMS\22-01-2022 LED BLINKING WITH TIMERS0\LED BLINKING WITH (1S) TIMERS 1\LED BLINKING WITH 1S TIMERS 1.ASM 40 : Found label after column 1. (SWITCH)
Warning[209] F:\PIC PROJECT\PIC PROGRAMS\22-01-2022 LED BLINKING WITH TIMERS0\LED BLINKING WITH (1S) TIMERS 1\LED BLINKING WITH 1S TIMERS 1.ASM 41 : Missing quote
Warning[209] F:\PIC PROJECT\PIC PROGRAMS\22-01-2022 LED BLINKING WITH TIMERS0\LED BLINKING WITH (1S) TIMERS 1\LED BLINKING WITH 1S TIMERS 1.ASM 43 : Missing quote
Warning[209] F:\PIC PROJECT\PIC PROGRAMS\22-01-2022 LED BLINKING WITH TIMERS0\LED BLINKING WITH (1S) TIMERS 1\LED BLINKING WITH 1S TIMERS 1.ASM 45 : Missing quote
Warning[203] F:\PIC PROJECT\PIC PROGRAMS\22-01-2022 LED BLINKING WITH TIMERS0\LED BLINKING WITH (1S) TIMERS 1\LED BLINKING WITH 1S TIMERS 1.ASM 48 : Found opcode in column 1. (NOP)
Warning[205] F:\PIC PROJECT\PIC PROGRAMS\22-01-2022 LED BLINKING WITH TIMERS0\LED BLINKING WITH (1S) TIMERS 1\LED BLINKING WITH 1S TIMERS 1.ASM 49 : Found directive in column 1. (END)
