Warning[205] F:\PIC PROJECT\PIC PROGRAMS\07-01-2022\LEDSHIFTING\LEDSHIFTING.ASM 2 : Found directive in column 1. (ORG)
Warning[203] F:\PIC PROJECT\PIC PROGRAMS\07-01-2022\LEDSHIFTING\LEDSHIFTING.ASM 4 : Found opcode in column 1. (BSF)
Warning[203] F:\PIC PROJECT\PIC PROGRAMS\07-01-2022\LEDSHIFTING\LEDSHIFTING.ASM 5 : Found opcode in column 1. (BCF)
Warning[203] F:\PIC PROJECT\PIC PROGRAMS\07-01-2022\LEDSHIFTING\LEDSHIFTING.ASM 7 : Found opcode in column 1. (MOVLW)
Warning[203] F:\PIC PROJECT\PIC PROGRAMS\07-01-2022\LEDSHIFTING\LEDSHIFTING.ASM 8 : Found opcode in column 1. (MOVWF)
Message[302] F:\PIC PROJECT\PIC PROGRAMS\07-01-2022\LEDSHIFTING\LEDSHIFTING.ASM 8 : Register in operand not in bank 0.  Ensure that bank bits are correct.
Warning[203] F:\PIC PROJECT\PIC PROGRAMS\07-01-2022\LEDSHIFTING\LEDSHIFTING.ASM 10 : Found opcode in column 1. (BCF)
Warning[203] F:\PIC PROJECT\PIC PROGRAMS\07-01-2022\LEDSHIFTING\LEDSHIFTING.ASM 11 : Found opcode in column 1. (MOVLW)
Warning[203] F:\PIC PROJECT\PIC PROGRAMS\07-01-2022\LEDSHIFTING\LEDSHIFTING.ASM 12 : Found opcode in column 1. (MOVWF)
Warning[203] F:\PIC PROJECT\PIC PROGRAMS\07-01-2022\LEDSHIFTING\LEDSHIFTING.ASM 13 : Found opcode in column 1. (MOVLW)
Warning[203] F:\PIC PROJECT\PIC PROGRAMS\07-01-2022\LEDSHIFTING\LEDSHIFTING.ASM 14 : Found opcode in column 1. (MOVWF)
Warning[203] F:\PIC PROJECT\PIC PROGRAMS\07-01-2022\LEDSHIFTING\LEDSHIFTING.ASM 15 : Found opcode in column 1. (CALL)
Warning[203] F:\PIC PROJECT\PIC PROGRAMS\07-01-2022\LEDSHIFTING\LEDSHIFTING.ASM 16 : Found opcode in column 1. (GOTO)
Warning[207] F:\PIC PROJECT\PIC PROGRAMS\07-01-2022\LEDSHIFTING\LEDSHIFTING.ASM 17 : Found label after column 1. (GOWTHAM)
Warning[207] F:\PIC PROJECT\PIC PROGRAMS\07-01-2022\LEDSHIFTING\LEDSHIFTING.ASM 24 : Found label after column 1. (ON)
Warning[207] F:\PIC PROJECT\PIC PROGRAMS\07-01-2022\LEDSHIFTING\LEDSHIFTING.ASM 28 : Found label after column 1. (ON1)
Warning[207] F:\PIC PROJECT\PIC PROGRAMS\07-01-2022\LEDSHIFTING\LEDSHIFTING.ASM 32 : Found label after column 1. (ON2)
Warning[207] F:\PIC PROJECT\PIC PROGRAMS\07-01-2022\LEDSHIFTING\LEDSHIFTING.ASM 36 : Found label after column 1. (ON3)
Warning[207] F:\PIC PROJECT\PIC PROGRAMS\07-01-2022\LEDSHIFTING\LEDSHIFTING.ASM 41 : Found label after column 1. (SWITCH)
Warning[203] F:\PIC PROJECT\PIC PROGRAMS\07-01-2022\LEDSHIFTING\LEDSHIFTING.ASM 48 : Found opcode in column 1. (NOP)
Warning[205] F:\PIC PROJECT\PIC PROGRAMS\07-01-2022\LEDSHIFTING\LEDSHIFTING.ASM 50 : Found directive in column 1. (END)
